app/build/outputs/logs/manifest-merger-debug-report.txt
-- Merging decision tree log ---
manifest
ADDED from src\main\AndroidManifest.xml:2:1-48:12
	package
		ADDED from src\main\AndroidManifest.xml:3:5-39
		INJECTED from src\main\AndroidManifest.xml
		INJECTED from src\main\AndroidManifest.xml
	android:versionName
		ADDED from src\main\AndroidManifest.xml:5:5-30
		INJECTED from src\main\AndroidManifest.xml
		INJECTED from src\main\AndroidManifest.xml
	android:versionCode
		ADDED from src\main\AndroidManifest.xml:4:5-28
		INJECTED from src\main\AndroidManifest.xml
		INJECTED from src\main\AndroidManifest.xml
	xmlns:android
		ADDED from src\main\AndroidManifest.xml:2:11-69
uses-sdk
ADDED from src\main\AndroidManifest.xml:7:5-9:41
	android:targetSdkVersion
		ADDED from src\main\AndroidManifest.xml:9:9-38
		INJECTED from src\main\AndroidManifest.xml
		INJECTED from src\main\AndroidManifest.xml
	android:minSdkVersion
		ADDED from src\main\AndroidManifest.xml:8:9-35
		INJECTED from src\main\AndroidManifest.xml
		INJECTED from src\main\AndroidManifest.xml
application
ADDED from src\main\AndroidManifest.xml:11:5-46:19
	android:label
		ADDED from src\main\AndroidManifest.xml:14:9-41
	android:allowBackup
		ADDED from src\main\AndroidManifest.xml:12:9-35
	android:icon
		ADDED from src\main\AndroidManifest.xml:13:9-45
	android:theme
		ADDED from src\main\AndroidManifest.xml:15:9-40
activity#com.kitap.sqllitedatabase.MainActivity
ADDED from src\main\AndroidManifest.xml:16:9-24:20
	android:label
		ADDED from src\main\AndroidManifest.xml:18:13-45
	android:name
		ADDED from src\main\AndroidManifest.xml:17:13-66
intent-filter#android.intent.action.MAIN+android.intent.category.LAUNCHER
ADDED from src\main\AndroidManifest.xml:19:13-23:29
action#android.intent.action.MAIN
ADDED from src\main\AndroidManifest.xml:20:17-69
	android:name
		ADDED from src\main\AndroidManifest.xml:20:25-66
category#android.intent.category.LAUNCHER
ADDED from src\main\AndroidManifest.xml:22:17-77
	android:name
		ADDED from src\main\AndroidManifest.xml:22:27-74
activity#com.kitap.sqllitedatabase.KitapEkle
ADDED from src\main\AndroidManifest.xml:25:9-31:20
	android:parentActivityName
		ADDED from src\main\AndroidManifest.xml:27:13-81
	android:name
		ADDED from src\main\AndroidManifest.xml:26:13-63
meta-data#android.support.UI_OPTIONS
ADDED from src\main\AndroidManifest.xml:29:13-30:63
	android:value
		ADDED from src\main\AndroidManifest.xml:30:20-60
	android:name
		ADDED from src\main\AndroidManifest.xml:29:24-65
activity#com.kitap.sqllitedatabase.KitapDetay
ADDED from src\main\AndroidManifest.xml:32:10-38:20
	android:parentActivityName
		ADDED from src\main\AndroidManifest.xml:34:13-81
	android:name
		ADDED from src\main\AndroidManifest.xml:33:13-64
activity#com.kitap.sqllitedatabase.KitapDuzenle
ADDED from src\main\AndroidManifest.xml:39:10-45:20
	android:parentActivityName
		ADDED from src\main\AndroidManifest.xml:41:13-81
	android:name
		ADDED from src\main\AndroidManifest.xml:40:13-66